# JRE version: OpenJDK Runtime Environment (11.0.8+10) (build 11.0.8+10-b944.6842174)
# Java VM: OpenJDK 64-Bit Server VM (11.0.8+10-b944.6842174, mixed mode, tiered, compressed oops, g1 gc, windows-amd64)
Heap:
 garbage-first heap   total 206848K, used 90836K [0x0000000080000000, 0x0000000100000000)
  region size 1024K, 2 young (2048K), 2 survivors (2048K)
 Metaspace       used 97908K, capacity 100192K, committed 100428K, reserved 1136640K
  class space    used 12358K, capacity 13146K, committed 13184K, reserved 1048576K
GC Heap History (20 events):
Event: 26.464 GC heap after
{Heap after GC invocations=37 (full 0):
 garbage-first heap   total 143360K, used 66172K [0x0000000080000000, 0x0000000100000000)
  region size 1024K, 1 young (1024K), 1 survivors (1024K)
 Metaspace       used 81788K, capacity 83706K, committed 84044K, reserved 1122304K
  class space    used 10364K, capacity 11056K, committed 11136K, reserved 1048576K
}
Event: 26.865 GC heap before
{Heap before GC invocations=37 (full 0):
 garbage-first heap   total 143360K, used 97916K [0x0000000080000000, 0x0000000100000000)
  region size 1024K, 32 young (32768K), 1 survivors (1024K)
 Metaspace       used 82477K, capacity 84391K, committed 84556K, reserved 1122304K
  class space    used 10409K, capacity 11090K, committed 11136K, reserved 1048576K
}
Event: 26.870 GC heap after
{Heap after GC invocations=38 (full 0):
 garbage-first heap   total 143360K, used 67785K [0x0000000080000000, 0x0000000100000000)
  region size 1024K, 3 young (3072K), 3 survivors (3072K)
 Metaspace       used 82477K, capacity 84391K, committed 84556K, reserved 1122304K
  class space    used 10409K, capacity 11090K, committed 11136K, reserved 1048576K
}
Event: 27.548 GC heap before
{Heap before GC invocations=39 (full 0):
 garbage-first heap   total 143360K, used 99529K [0x0000000080000000, 0x0000000100000000)
  region size 1024K, 35 young (35840K), 3 survivors (3072K)
 Metaspace       used 83372K, capacity 85358K, committed 85452K, reserved 1124352K
  class space    used 10505K, capacity 11198K, committed 11264K, reserved 1048576K
}
Event: 27.554 GC heap after
{Heap after GC invocations=40 (full 0):
 garbage-first heap   total 143360K, used 68129K [0x0000000080000000, 0x0000000100000000)
  region size 1024K, 3 young (3072K), 3 survivors (3072K)
 Metaspace       used 83372K, capacity 85358K, committed 85452K, reserved 1124352K
  class space    used 10505K, capacity 11198K, committed 11264K, reserved 1048576K
}
Event: 27.664 GC heap before
{Heap before GC invocations=40 (full 0):
 garbage-first heap   total 143360K, used 72225K [0x0000000080000000, 0x0000000100000000)
  region size 1024K, 7 young (7168K), 3 survivors (3072K)
 Metaspace       used 83677K, capacity 85614K, committed 85708K, reserved 1124352K
  class space    used 10539K, capacity 11198K, committed 11264K, reserved 1048576K
}
Event: 27.669 GC heap after
{Heap after GC invocations=41 (full 0):
 garbage-first heap   total 143360K, used 65832K [0x0000000080000000, 0x0000000100000000)
  region size 1024K, 1 young (1024K), 1 survivors (1024K)
 Metaspace       used 83677K, capacity 85614K, committed 85708K, reserved 1124352K
  class space    used 10539K, capacity 11198K, committed 11264K, reserved 1048576K
}
Event: 28.611 GC heap before
{Heap before GC invocations=41 (full 0):
 garbage-first heap   total 143360K, used 102696K [0x0000000080000000, 0x0000000100000000)
  region size 1024K, 37 young (37888K), 1 survivors (1024K)
 Metaspace       used 86415K, capacity 88399K, committed 88652K, reserved 1126400K
  class space    used 10877K, capacity 11550K, committed 11648K, reserved 1048576K
}
Event: 28.617 GC heap after
{Heap after GC invocations=42 (full 0):
 garbage-first heap   total 172032K, used 67858K [0x0000000080000000, 0x0000000100000000)
  region size 1024K, 3 young (3072K), 3 survivors (3072K)
 Metaspace       used 86415K, capacity 88399K, committed 88652K, reserved 1126400K
  class space    used 10877K, capacity 11550K, committed 11648K, reserved 1048576K
}
Event: 30.560 GC heap before
{Heap before GC invocations=43 (full 0):
 garbage-first heap   total 172032K, used 118034K [0x0000000080000000, 0x0000000100000000)
  region size 1024K, 53 young (54272K), 3 survivors (3072K)
 Metaspace       used 87758K, capacity 89730K, committed 89804K, reserved 1128448K
  class space    used 11026K, capacity 11723K, committed 11776K, reserved 1048576K
}
Event: 30.570 GC heap after
{Heap after GC invocations=44 (full 0):
 garbage-first heap   total 172032K, used 71522K [0x0000000080000000, 0x0000000100000000)
  region size 1024K, 6 young (6144K), 6 survivors (6144K)
 Metaspace       used 87758K, capacity 89730K, committed 89804K, reserved 1128448K
  class space    used 11026K, capacity 11723K, committed 11776K, reserved 1048576K
}
Event: 30.615 GC heap before
{Heap before GC invocations=44 (full 0):
 garbage-first heap   total 172032K, used 73570K [0x0000000080000000, 0x0000000100000000)
  region size 1024K, 8 young (8192K), 6 survivors (6144K)
 Metaspace       used 87781K, capacity 89730K, committed 89804K, reserved 1128448K
  class space    used 11027K, capacity 11723K, committed 11776K, reserved 1048576K
}
Event: 30.623 GC heap after
{Heap after GC invocations=45 (full 0):
 garbage-first heap   total 172032K, used 71198K [0x0000000080000000, 0x0000000100000000)
  region size 1024K, 1 young (1024K), 1 survivors (1024K)
 Metaspace       used 87781K, capacity 89730K, committed 89804K, reserved 1128448K
  class space    used 11027K, capacity 11723K, committed 11776K, reserved 1048576K
}
Event: 31.166 GC heap before
{Heap before GC invocations=45 (full 0):
 garbage-first heap   total 172032K, used 122398K [0x0000000080000000, 0x0000000100000000)
  region size 1024K, 52 young (53248K), 1 survivors (1024K)
 Metaspace       used 89377K, capacity 91332K, committed 91596K, reserved 1128448K
  class space    used 11249K, capacity 11929K, committed 12032K, reserved 1048576K
}
Event: 31.173 GC heap after
{Heap after GC invocations=46 (full 0):
 garbage-first heap   total 172032K, used 78792K [0x0000000080000000, 0x0000000100000000)
  region size 1024K, 7 young (7168K), 7 survivors (7168K)
 Metaspace       used 89377K, capacity 91332K, committed 91596K, reserved 1128448K
  class space    used 11249K, capacity 11929K, committed 12032K, reserved 1048576K
}
Event: 32.252 GC heap before
{Heap before GC invocations=46 (full 0):
 garbage-first heap   total 172032K, used 128968K [0x0000000080000000, 0x0000000100000000)
  region size 1024K, 55 young (56320K), 7 survivors (7168K)
 Metaspace       used 92584K, capacity 94678K, committed 94796K, reserved 1132544K
  class space    used 11682K, capacity 12395K, committed 12416K, reserved 1048576K
}
Event: 32.266 GC heap after
{Heap after GC invocations=47 (full 0):
 garbage-first heap   total 172032K, used 83096K [0x0000000080000000, 0x0000000100000000)
  region size 1024K, 7 young (7168K), 7 survivors (7168K)
 Metaspace       used 92584K, capacity 94678K, committed 94796K, reserved 1132544K
  class space    used 11682K, capacity 12395K, committed 12416K, reserved 1048576K
}
Event: 33.194 GC heap before
{Heap before GC invocations=47 (full 0):
 garbage-first heap   total 172032K, used 130200K [0x0000000080000000, 0x0000000100000000)
  region size 1024K, 53 young (54272K), 7 survivors (7168K)
 Metaspace       used 95831K, capacity 98052K, committed 98252K, reserved 1134592K
  class space    used 12182K, capacity 12957K, committed 13056K, reserved 1048576K
}
Event: 33.212 GC heap after
{Heap after GC invocations=48 (full 0):
 garbage-first heap   total 172032K, used 89421K [0x0000000080000000, 0x0000000100000000)
  region size 1024K, 7 young (7168K), 7 survivors (7168K)
 Metaspace       used 95831K, capacity 98052K, committed 98252K, reserved 1134592K
  class space    used 12182K, capacity 12957K, committed 13056K, reserved 1048576K
}
Event: 34.493 GC heap before
{Heap before GC invocations=48 (full 0):
 garbage-first heap   total 172032K, used 133453K [0x0000000080000000, 0x0000000100000000)
  region size 1024K, 50 young (51200K), 7 survivors (7168K)
 Metaspace       used 97908K, capacity 100192K, committed 100428K, reserved 1136640K
  class space    used 12358K, capacity 13146K, committed 13184K, reserved 1048576K
}

